{
  "RSpec": {
    "coverage": {
      "/Users/dan/Projects/blog/app.rb": {
        "lines": [
          1,
          1,
          1,
          1,
          1,
          null,
          1,
          1,
          1,
          null,
          1,
          4,
          null,
          null,
          null,
          1,
          0,
          null,
          0,
          null,
          0,
          0,
          null,
          null,
          null,
          null,
          1,
          4,
          null,
          0,
          0,
          null,
          4,
          null,
          null,
          null,
          null,
          1,
          8,
          8,
          8,
          null,
          null,
          null,
          1,
          3,
          null,
          null,
          null,
          1,
          3,
          3,
          3,
          3,
          null,
          null,
          null,
          1,
          1,
          1,
          null,
          null
        ]
      },
      "/Users/dan/Projects/blog/lib/chitter_board.rb": {
        "lines": [
          1,
          1,
          1,
          1,
          null,
          1,
          null,
          1,
          9,
          9,
          6,
          null,
          null,
          null,
          1,
          7,
          7,
          7,
          null,
          null,
          1,
          2,
          2,
          null,
          null,
          null
        ]
      },
      "/Users/dan/Projects/blog/lib/peep.rb": {
        "lines": [
          1,
          1,
          null,
          1,
          6,
          6,
          6,
          6,
          null,
          null,
          null
        ]
      },
      "/Users/dan/Projects/blog/lib/database_connection.rb": {
        "lines": [
          1,
          null,
          1,
          null,
          null,
          1,
          1,
          null,
          null,
          1,
          64,
          null,
          null,
          1,
          0,
          null,
          null,
          null
        ]
      },
      "/Users/dan/Projects/blog/lib/user.rb": {
        "lines": [
          1,
          null,
          1,
          1,
          null,
          null,
          1,
          15,
          15,
          null,
          null,
          1,
          11,
          11,
          3,
          null,
          null,
          null,
          1,
          9,
          9,
          9,
          9,
          null,
          null,
          1,
          3,
          null,
          3,
          3,
          3,
          null,
          null,
          3,
          2,
          2,
          1,
          1,
          null,
          1,
          null,
          null,
          null,
          1,
          12,
          12,
          null,
          null,
          1,
          15,
          null,
          null,
          1,
          1,
          9,
          9,
          1,
          null,
          9,
          null,
          null,
          null
        ]
      },
      "/Users/dan/Projects/blog/lib/database_connection_setup.rb": {
        "lines": [
          1,
          null,
          1,
          1,
          null,
          0,
          null
        ]
      },
      "/Users/dan/Projects/blog/spec/features/web_helpers.rb": {
        "lines": [
          1,
          4,
          4,
          4,
          4,
          null,
          null,
          1,
          0,
          0,
          0,
          0,
          null,
          null,
          1,
          3,
          3,
          3,
          null
        ]
      },
      "/Users/dan/Projects/blog/spec/chitter_board_spec.rb": {
        "lines": [
          1,
          null,
          1,
          null,
          1,
          1,
          1,
          1,
          1,
          1,
          1,
          null,
          null,
          null,
          1,
          1,
          1,
          null,
          null,
          null,
          1,
          1,
          1,
          1,
          null,
          null,
          null,
          null
        ]
      },
      "/Users/dan/Projects/blog/spec/features/creating_message_spec.rb": {
        "lines": [
          1,
          1,
          1,
          1,
          1,
          1,
          null,
          null
        ]
      },
      "/Users/dan/Projects/blog/spec/features/deleting_message_spec.rb": {
        "lines": [
          1,
          1,
          1,
          1,
          1,
          null,
          1,
          null,
          1,
          1,
          null,
          null,
          1,
          1,
          1,
          1,
          1,
          1,
          null,
          null
        ]
      },
      "/Users/dan/Projects/blog/spec/user_spec.rb": {
        "lines": [
          1,
          null,
          1,
          null,
          1,
          1,
          1,
          1,
          1,
          null,
          null,
          null,
          1,
          1,
          1,
          1,
          null,
          null,
          1,
          1,
          1,
          null,
          null,
          1,
          1,
          1,
          null,
          null,
          null,
          1,
          1,
          1,
          1,
          null,
          null,
          null
        ]
      }
    },
    "timestamp": 1604608158
  }
}
